<?xml version="1.0" encoding="UTF-8"?>
<!-- Generated by org.testng.reporters.JUnitReportReporter -->
<testsuite skipped="0" hostname="ASDA1711PO02529" name="com.qait.GoogleSearchTest" tests="2" failures="0" timestamp="26 Feb 2019 12:03:49 GMT" time="11.513" errors="0">
  <testcase name="testUrlOfQait" time="0.009" classname="com.qait.GoogleSearchTest"/>
  <testcase name="testTitleOfQait" time="11.504" classname="com.qait.GoogleSearchTest"/>
</testsuite> <!-- com.qait.GoogleSearchTest -->
